<?xml version="1.0" encoding="UTF-8"?>
<testng-results skipped="0" failed="0" ignored="0" total="1" passed="1">
  <reporter-output>
  </reporter-output>
  <suite name="Default suite" duration-ms="4332" started-at="2021-11-21T18:52:59 IST" finished-at="2021-11-21T18:53:03 IST">
    <groups>
    </groups>
    <test name="Default test" duration-ms="4332" started-at="2021-11-21T18:52:59 IST" finished-at="2021-11-21T18:53:03 IST">
      <class name="File.SumValidation">
        <test-method status="PASS" signature="sumOfCourses()[pri:0, instance:File.SumValidation@7f13d6e]" name="sumOfCourses" duration-ms="4235" started-at="2021-11-21T18:52:59 IST" finished-at="2021-11-21T18:53:03 IST">
          <reporter-output>
          </reporter-output>
        </test-method> <!-- sumOfCourses -->
      </class> <!-- File.SumValidation -->
    </test> <!-- Default test -->
  </suite> <!-- Default suite -->
</testng-results>
